<?xml version="1.0" encoding="UTF-8"?>
<testsuite name="Compras en La Vaquita" tests="1" skipped="1" failures="0" errors="0" timestamp="2023-03-30T17:18:00" hostname="LAPTOP-87LGHN0U" time="18.433">
  <properties/>
  <testcase name="Compra de productos" classname="Compras en La Vaquita" time="18.433">
    <skipped/>
  </testcase>
  <system-out><![CDATA[]]></system-out>
  <system-err><![CDATA[Starting ChromeDriver 111.0.5563.64 (c710e93d5b63b7095afe8c2c17df34408078439d-refs/branch-heads/5563@{#995}) on port 13459
Only local connections are allowed.
Please see https://chromedriver.chromium.org/security-considerations for suggestions on keeping ChromeDriver safe.
ChromeDriver was started successfully.
mar. 30, 2023 12:18:03 P. M. org.openqa.selenium.remote.ProtocolHandshake createSession
INFORMACIÓN: Detected dialect: W3C
]]></system-err>
</testsuite>
