<?xml version="1.0" encoding="UTF-8"?><testsuite errors="0" failures="1" name="Compras en La Vaquita" skipped="0" tests="1" time="12.88" timestamp="2023-03-30 10:08:10"><testcase name="Compra de productos"><failure message="Invalid URL: &quot;https://vaquitaexpress.com.co/&quot;" type="java.lang.AssertionError">Invalid URL: "https://vaquitaexpress.com.co/"</failure><system-err>Invalid URL: "https://vaquitaexpress.com.co/"&#13;
com.sofkau.tasks.AbrirPaginaInicial.performAs(AbrirPaginaInicial.java:10)&#13;
com.sofkau.stepdefinitions.InicioSesionStepDefinitions.queElUsuarioEstaEnLaPaginaDeInicio(InicioSesionStepDefinitions.java:14)&#13;
io.cucumber.java.Invoker.invoke(Invoker.java:27)&#13;
io.cucumber.java.JavaStepDefinition.execute(JavaStepDefinition.java:27)&#13;
io.cucumber.core.runner.PickleStepDefinitionMatch.runStep(PickleStepDefinitionMatch.java:63)&#13;
io.cucumber.core.runner.TestStep.executeStep(TestStep.java:64)&#13;
io.cucumber.core.runner.TestStep.run(TestStep.java:49)&#13;
io.cucumber.core.runner.PickleStepTestStep.run(PickleStepTestStep.java:46)&#13;
io.cucumber.core.runner.TestCase.run(TestCase.java:51)&#13;
io.cucumber.core.runner.Runner.runPickle(Runner.java:67)&#13;
io.cucumber.junit.FeatureRunner.runChild(FeatureRunner.java:83)&#13;
io.cucumber.junit.FeatureRunner.runChild(FeatureRunner.java:24)&#13;
io.cucumber.junit.CucumberSerenityRunner.runChild(CucumberSerenityRunner.java:227)&#13;
io.cucumber.junit.CucumberSerenityRunner.runChild(CucumberSerenityRunner.java:54)&#13;
worker.org.gradle.process.internal.worker.GradleWorkerMain.run(GradleWorkerMain.java:69)&#13;
worker.org.gradle.process.internal.worker.GradleWorkerMain.main(GradleWorkerMain.java:74)&#13;
</system-err></testcase></testsuite>